[0.264s] DEBUG:colcon:Command line arguments: ['/usr/bin/colcon', 'build', '--symlink-install']
[0.265s] DEBUG:colcon:Parsed command line arguments: Namespace(log_base=None, log_level=None, verb_name='build', build_base='build', install_base='install', merge_install=False, symlink_install=True, test_result_base=None, continue_on_error=False, executor='parallel', parallel_workers=6, event_handlers=None, ignore_user_meta=False, metas=['./colcon.meta'], base_paths=['.'], packages_ignore=None, packages_ignore_regex=None, paths=None, packages_up_to=None, packages_up_to_regex=None, packages_above=None, packages_above_and_dependencies=None, packages_above_depth=None, packages_select_by_dep=None, packages_skip_by_dep=None, packages_skip_up_to=None, packages_select_build_failed=False, packages_skip_build_finished=False, packages_select_test_failures=False, packages_skip_test_passed=False, packages_select=None, packages_skip=None, packages_select_regex=None, packages_skip_regex=None, packages_start=None, packages_end=None, allow_overriding=[], cmake_args=None, cmake_target=None, cmake_target_skip_unavailable=False, cmake_clean_cache=False, cmake_clean_first=False, cmake_force_configure=False, ament_cmake_args=None, catkin_cmake_args=None, catkin_skip_building_tests=False, verb_parser=<colcon_defaults.argument_parser.defaults.DefaultArgumentsDecorator object at 0x7fb03c3ca4a0>, verb_extension=<colcon_core.verb.build.BuildVerb object at 0x7fb03bbfd1b0>, main=<bound method BuildVerb.main of <colcon_core.verb.build.BuildVerb object at 0x7fb03bbfd1b0>>)
[0.283s] Level 1:colcon.colcon_core.package_discovery:discover_packages(colcon_meta) check parameters
[0.283s] Level 1:colcon.colcon_core.package_discovery:discover_packages(recursive) check parameters
[0.283s] Level 1:colcon.colcon_core.package_discovery:discover_packages(ignore) check parameters
[0.283s] Level 1:colcon.colcon_core.package_discovery:discover_packages(path) check parameters
[0.283s] Level 1:colcon.colcon_core.package_discovery:discover_packages(colcon_meta) discover
[0.283s] Level 1:colcon.colcon_core.package_discovery:discover_packages(recursive) discover
[0.283s] INFO:colcon.colcon_core.package_discovery:Crawling recursively for packages in '/home/piotr/Desktop/AI_Lab/ROS/differential_drive_robot/ddr_ws'
[0.283s] Level 1:colcon.colcon_core.package_identification:_identify(.) by extensions ['ignore', 'ignore_ament_install']
[0.283s] Level 1:colcon.colcon_core.package_identification:_identify(.) by extension 'ignore'
[0.283s] Level 1:colcon.colcon_core.package_identification:_identify(.) by extension 'ignore_ament_install'
[0.283s] Level 1:colcon.colcon_core.package_identification:_identify(.) by extensions ['colcon_pkg']
[0.283s] Level 1:colcon.colcon_core.package_identification:_identify(.) by extension 'colcon_pkg'
[0.283s] Level 1:colcon.colcon_core.package_identification:_identify(.) by extensions ['colcon_meta']
[0.283s] Level 1:colcon.colcon_core.package_identification:_identify(.) by extension 'colcon_meta'
[0.283s] Level 1:colcon.colcon_core.package_identification:_identify(.) by extensions ['ros']
[0.283s] Level 1:colcon.colcon_core.package_identification:_identify(.) by extension 'ros'
[0.292s] Level 1:colcon.colcon_core.package_identification:_identify(.) by extensions ['cmake', 'python']
[0.292s] Level 1:colcon.colcon_core.package_identification:_identify(.) by extension 'cmake'
[0.293s] Level 1:colcon.colcon_core.package_identification:_identify(.) by extension 'python'
[0.293s] Level 1:colcon.colcon_core.package_identification:_identify(.) by extensions ['python_setup_py']
[0.293s] Level 1:colcon.colcon_core.package_identification:_identify(.) by extension 'python_setup_py'
[0.293s] Level 1:colcon.colcon_core.package_identification:_identify(build) by extensions ['ignore', 'ignore_ament_install']
[0.293s] Level 1:colcon.colcon_core.package_identification:_identify(build) by extension 'ignore'
[0.293s] Level 1:colcon.colcon_core.package_identification:_identify(build) ignored
[0.293s] Level 1:colcon.colcon_core.package_identification:_identify(install) by extensions ['ignore', 'ignore_ament_install']
[0.293s] Level 1:colcon.colcon_core.package_identification:_identify(install) by extension 'ignore'
[0.293s] Level 1:colcon.colcon_core.package_identification:_identify(install) ignored
[0.293s] Level 1:colcon.colcon_core.package_identification:_identify(log) by extensions ['ignore', 'ignore_ament_install']
[0.293s] Level 1:colcon.colcon_core.package_identification:_identify(log) by extension 'ignore'
[0.293s] Level 1:colcon.colcon_core.package_identification:_identify(log) ignored
[0.293s] Level 1:colcon.colcon_core.package_identification:_identify(src) by extensions ['ignore', 'ignore_ament_install']
[0.293s] Level 1:colcon.colcon_core.package_identification:_identify(src) by extension 'ignore'
[0.293s] Level 1:colcon.colcon_core.package_identification:_identify(src) by extension 'ignore_ament_install'
[0.293s] Level 1:colcon.colcon_core.package_identification:_identify(src) by extensions ['colcon_pkg']
[0.293s] Level 1:colcon.colcon_core.package_identification:_identify(src) by extension 'colcon_pkg'
[0.293s] Level 1:colcon.colcon_core.package_identification:_identify(src) by extensions ['colcon_meta']
[0.293s] Level 1:colcon.colcon_core.package_identification:_identify(src) by extension 'colcon_meta'
[0.294s] Level 1:colcon.colcon_core.package_identification:_identify(src) by extensions ['ros']
[0.294s] Level 1:colcon.colcon_core.package_identification:_identify(src) by extension 'ros'
[0.294s] Level 1:colcon.colcon_core.package_identification:_identify(src) by extensions ['cmake', 'python']
[0.294s] Level 1:colcon.colcon_core.package_identification:_identify(src) by extension 'cmake'
[0.294s] Level 1:colcon.colcon_core.package_identification:_identify(src) by extension 'python'
[0.294s] Level 1:colcon.colcon_core.package_identification:_identify(src) by extensions ['python_setup_py']
[0.294s] Level 1:colcon.colcon_core.package_identification:_identify(src) by extension 'python_setup_py'
[0.294s] Level 1:colcon.colcon_core.package_identification:_identify(src/differential_drive_robot) by extensions ['ignore', 'ignore_ament_install']
[0.294s] Level 1:colcon.colcon_core.package_identification:_identify(src/differential_drive_robot) by extension 'ignore'
[0.294s] Level 1:colcon.colcon_core.package_identification:_identify(src/differential_drive_robot) by extension 'ignore_ament_install'
[0.294s] Level 1:colcon.colcon_core.package_identification:_identify(src/differential_drive_robot) by extensions ['colcon_pkg']
[0.294s] Level 1:colcon.colcon_core.package_identification:_identify(src/differential_drive_robot) by extension 'colcon_pkg'
[0.294s] Level 1:colcon.colcon_core.package_identification:_identify(src/differential_drive_robot) by extensions ['colcon_meta']
[0.294s] Level 1:colcon.colcon_core.package_identification:_identify(src/differential_drive_robot) by extension 'colcon_meta'
[0.294s] Level 1:colcon.colcon_core.package_identification:_identify(src/differential_drive_robot) by extensions ['ros']
[0.294s] Level 1:colcon.colcon_core.package_identification:_identify(src/differential_drive_robot) by extension 'ros'
[0.296s] DEBUG:colcon.colcon_core.package_identification:Package 'src/differential_drive_robot' with type 'ros.ament_python' and name 'differential_drive_robot'
[0.296s] Level 1:colcon.colcon_core.package_discovery:discover_packages(recursive) using defaults
[0.296s] Level 1:colcon.colcon_core.package_discovery:discover_packages(ignore) discover
[0.296s] Level 1:colcon.colcon_core.package_discovery:discover_packages(ignore) using defaults
[0.296s] Level 1:colcon.colcon_core.package_discovery:discover_packages(path) discover
[0.296s] Level 1:colcon.colcon_core.package_discovery:discover_packages(path) using defaults
[0.314s] Level 1:colcon.colcon_core.package_discovery:discover_packages(prefix_path) check parameters
[0.314s] Level 1:colcon.colcon_core.package_discovery:discover_packages(prefix_path) discover
[0.316s] DEBUG:colcon.colcon_installed_package_information.package_discovery:Found 1 installed packages in /home/piotr/Desktop/AI_Lab/ROS/differential_drive_robot/ddr_ws/install
[0.317s] DEBUG:colcon.colcon_installed_package_information.package_discovery:Found 286 installed packages in /opt/ros/humble
[0.318s] Level 1:colcon.colcon_core.package_discovery:discover_packages(prefix_path) using defaults
[0.364s] Level 5:colcon.colcon_core.verb:set package 'differential_drive_robot' build argument 'cmake_args' from command line to 'None'
[0.364s] Level 5:colcon.colcon_core.verb:set package 'differential_drive_robot' build argument 'cmake_target' from command line to 'None'
[0.364s] Level 5:colcon.colcon_core.verb:set package 'differential_drive_robot' build argument 'cmake_target_skip_unavailable' from command line to 'False'
[0.364s] Level 5:colcon.colcon_core.verb:set package 'differential_drive_robot' build argument 'cmake_clean_cache' from command line to 'False'
[0.364s] Level 5:colcon.colcon_core.verb:set package 'differential_drive_robot' build argument 'cmake_clean_first' from command line to 'False'
[0.364s] Level 5:colcon.colcon_core.verb:set package 'differential_drive_robot' build argument 'cmake_force_configure' from command line to 'False'
[0.364s] Level 5:colcon.colcon_core.verb:set package 'differential_drive_robot' build argument 'ament_cmake_args' from command line to 'None'
[0.364s] Level 5:colcon.colcon_core.verb:set package 'differential_drive_robot' build argument 'catkin_cmake_args' from command line to 'None'
[0.364s] Level 5:colcon.colcon_core.verb:set package 'differential_drive_robot' build argument 'catkin_skip_building_tests' from command line to 'False'
[0.364s] DEBUG:colcon.colcon_core.verb:Building package 'differential_drive_robot' with the following arguments: {'ament_cmake_args': None, 'build_base': '/home/piotr/Desktop/AI_Lab/ROS/differential_drive_robot/ddr_ws/build/differential_drive_robot', 'catkin_cmake_args': None, 'catkin_skip_building_tests': False, 'cmake_args': None, 'cmake_clean_cache': False, 'cmake_clean_first': False, 'cmake_force_configure': False, 'cmake_target': None, 'cmake_target_skip_unavailable': False, 'install_base': '/home/piotr/Desktop/AI_Lab/ROS/differential_drive_robot/ddr_ws/install/differential_drive_robot', 'merge_install': False, 'path': '/home/piotr/Desktop/AI_Lab/ROS/differential_drive_robot/ddr_ws/src/differential_drive_robot', 'symlink_install': True, 'test_result_base': None}
[0.365s] INFO:colcon.colcon_core.executor:Executing jobs using 'parallel' executor
[0.368s] DEBUG:colcon.colcon_parallel_executor.executor.parallel:run_until_complete
[0.368s] INFO:colcon.colcon_ros.task.ament_python.build:Building ROS package in '/home/piotr/Desktop/AI_Lab/ROS/differential_drive_robot/ddr_ws/src/differential_drive_robot' with build type 'ament_python'
[0.368s] Level 1:colcon.colcon_core.shell:create_environment_hook('differential_drive_robot', 'ament_prefix_path')
[0.372s] INFO:colcon.colcon_core.plugin_system:Skipping extension 'colcon_core.shell.bat': Not used on non-Windows systems
[0.373s] INFO:colcon.colcon_core.shell:Creating environment hook '/home/piotr/Desktop/AI_Lab/ROS/differential_drive_robot/ddr_ws/install/differential_drive_robot/share/differential_drive_robot/hook/ament_prefix_path.ps1'
[0.373s] INFO:colcon.colcon_core.shell:Creating environment descriptor '/home/piotr/Desktop/AI_Lab/ROS/differential_drive_robot/ddr_ws/install/differential_drive_robot/share/differential_drive_robot/hook/ament_prefix_path.dsv'
[0.373s] INFO:colcon.colcon_core.shell:Creating environment hook '/home/piotr/Desktop/AI_Lab/ROS/differential_drive_robot/ddr_ws/install/differential_drive_robot/share/differential_drive_robot/hook/ament_prefix_path.sh'
[0.375s] INFO:colcon.colcon_core.shell:Skip shell extension 'powershell' for command environment: Not usable outside of PowerShell
[0.375s] DEBUG:colcon.colcon_core.shell:Skip shell extension 'dsv' for command environment
[0.609s] INFO:colcon.colcon_core.task.python.build:Building Python package in '/home/piotr/Desktop/AI_Lab/ROS/differential_drive_robot/ddr_ws/src/differential_drive_robot'
[0.611s] INFO:colcon.colcon_core.shell:Skip shell extension 'powershell' for command environment: Not usable outside of PowerShell
[0.611s] DEBUG:colcon.colcon_core.shell:Skip shell extension 'dsv' for command environment
[0.930s] DEBUG:colcon.colcon_core.event_handler.log_command:Invoking command in '/home/piotr/Desktop/AI_Lab/ROS/differential_drive_robot/ddr_ws/build/differential_drive_robot': PYTHONPATH=/home/piotr/Desktop/AI_Lab/ROS/differential_drive_robot/ddr_ws/build/differential_drive_robot/prefix_override:/home/piotr/Desktop/AI_Lab/ROS/differential_drive_robot/ddr_ws/install/differential_drive_robot/lib/python3.10/site-packages:${PYTHONPATH} /usr/bin/python3 setup.py develop --editable --build-directory /home/piotr/Desktop/AI_Lab/ROS/differential_drive_robot/ddr_ws/build/differential_drive_robot/build --no-deps install_data
[1.302s] Level 1:colcon.colcon_core.shell:create_environment_hook('differential_drive_robot', 'pythonpath_develop')
[1.304s] INFO:colcon.colcon_core.shell:Creating environment hook '/home/piotr/Desktop/AI_Lab/ROS/differential_drive_robot/ddr_ws/build/differential_drive_robot/share/differential_drive_robot/hook/pythonpath_develop.ps1'
[1.305s] DEBUG:colcon.colcon_core.event_handler.log_command:Invoked command in '/home/piotr/Desktop/AI_Lab/ROS/differential_drive_robot/ddr_ws/build/differential_drive_robot' returned '0': PYTHONPATH=/home/piotr/Desktop/AI_Lab/ROS/differential_drive_robot/ddr_ws/build/differential_drive_robot/prefix_override:/home/piotr/Desktop/AI_Lab/ROS/differential_drive_robot/ddr_ws/install/differential_drive_robot/lib/python3.10/site-packages:${PYTHONPATH} /usr/bin/python3 setup.py develop --editable --build-directory /home/piotr/Desktop/AI_Lab/ROS/differential_drive_robot/ddr_ws/build/differential_drive_robot/build --no-deps install_data
[1.306s] INFO:colcon.colcon_core.shell:Creating environment descriptor '/home/piotr/Desktop/AI_Lab/ROS/differential_drive_robot/ddr_ws/build/differential_drive_robot/share/differential_drive_robot/hook/pythonpath_develop.dsv'
[1.307s] INFO:colcon.colcon_core.shell:Creating environment hook '/home/piotr/Desktop/AI_Lab/ROS/differential_drive_robot/ddr_ws/build/differential_drive_robot/share/differential_drive_robot/hook/pythonpath_develop.sh'
[1.315s] Level 1:colcon.colcon_core.environment:checking '/home/piotr/Desktop/AI_Lab/ROS/differential_drive_robot/ddr_ws/install/differential_drive_robot' for CMake module files
[1.316s] Level 1:colcon.colcon_core.environment:checking '/home/piotr/Desktop/AI_Lab/ROS/differential_drive_robot/ddr_ws/install/differential_drive_robot' for CMake config files
[1.317s] Level 1:colcon.colcon_core.environment:checking '/home/piotr/Desktop/AI_Lab/ROS/differential_drive_robot/ddr_ws/install/differential_drive_robot/lib'
[1.317s] Level 1:colcon.colcon_core.environment:checking '/home/piotr/Desktop/AI_Lab/ROS/differential_drive_robot/ddr_ws/install/differential_drive_robot/bin'
[1.318s] Level 1:colcon.colcon_core.environment:checking '/home/piotr/Desktop/AI_Lab/ROS/differential_drive_robot/ddr_ws/install/differential_drive_robot/lib/pkgconfig/differential_drive_robot.pc'
[1.318s] Level 1:colcon.colcon_core.environment:checking '/home/piotr/Desktop/AI_Lab/ROS/differential_drive_robot/ddr_ws/install/differential_drive_robot/lib/python3.10/site-packages'
[1.318s] Level 1:colcon.colcon_core.shell:create_environment_hook('differential_drive_robot', 'pythonpath')
[1.321s] INFO:colcon.colcon_core.shell:Creating environment hook '/home/piotr/Desktop/AI_Lab/ROS/differential_drive_robot/ddr_ws/install/differential_drive_robot/share/differential_drive_robot/hook/pythonpath.ps1'
[1.321s] INFO:colcon.colcon_core.shell:Creating environment descriptor '/home/piotr/Desktop/AI_Lab/ROS/differential_drive_robot/ddr_ws/install/differential_drive_robot/share/differential_drive_robot/hook/pythonpath.dsv'
[1.322s] INFO:colcon.colcon_core.shell:Creating environment hook '/home/piotr/Desktop/AI_Lab/ROS/differential_drive_robot/ddr_ws/install/differential_drive_robot/share/differential_drive_robot/hook/pythonpath.sh'
[1.323s] Level 1:colcon.colcon_core.environment:checking '/home/piotr/Desktop/AI_Lab/ROS/differential_drive_robot/ddr_ws/install/differential_drive_robot/bin'
[1.323s] Level 1:colcon.colcon_core.environment:create_environment_scripts_only(differential_drive_robot)
[1.326s] INFO:colcon.colcon_core.shell:Creating package script '/home/piotr/Desktop/AI_Lab/ROS/differential_drive_robot/ddr_ws/install/differential_drive_robot/share/differential_drive_robot/package.ps1'
[1.328s] INFO:colcon.colcon_core.shell:Creating package descriptor '/home/piotr/Desktop/AI_Lab/ROS/differential_drive_robot/ddr_ws/install/differential_drive_robot/share/differential_drive_robot/package.dsv'
[1.329s] INFO:colcon.colcon_core.shell:Creating package script '/home/piotr/Desktop/AI_Lab/ROS/differential_drive_robot/ddr_ws/install/differential_drive_robot/share/differential_drive_robot/package.sh'
[1.330s] INFO:colcon.colcon_core.shell:Creating package script '/home/piotr/Desktop/AI_Lab/ROS/differential_drive_robot/ddr_ws/install/differential_drive_robot/share/differential_drive_robot/package.bash'
[1.332s] INFO:colcon.colcon_core.shell:Creating package script '/home/piotr/Desktop/AI_Lab/ROS/differential_drive_robot/ddr_ws/install/differential_drive_robot/share/differential_drive_robot/package.zsh'
[1.333s] Level 1:colcon.colcon_core.environment:create_file_with_runtime_dependencies(/home/piotr/Desktop/AI_Lab/ROS/differential_drive_robot/ddr_ws/install/differential_drive_robot/share/colcon-core/packages/differential_drive_robot)
[1.333s] DEBUG:colcon.colcon_parallel_executor.executor.parallel:closing loop
[1.333s] DEBUG:colcon.colcon_parallel_executor.executor.parallel:loop closed
[1.333s] DEBUG:colcon.colcon_parallel_executor.executor.parallel:run_until_complete finished with '0'
[1.333s] DEBUG:colcon.colcon_core.event_reactor:joining thread
[1.342s] INFO:colcon.colcon_core.plugin_system:Skipping extension 'colcon_notification.desktop_notification.terminal_notifier': Not used on non-Darwin systems
[1.343s] INFO:colcon.colcon_core.plugin_system:Skipping extension 'colcon_notification.desktop_notification.win32': Not used on non-Windows systems
[1.343s] INFO:colcon.colcon_notification.desktop_notification:Sending desktop notification using 'notify2'
[1.353s] DEBUG:colcon.colcon_core.event_reactor:joined thread
[1.354s] INFO:colcon.colcon_core.shell:Creating prefix script '/home/piotr/Desktop/AI_Lab/ROS/differential_drive_robot/ddr_ws/install/local_setup.ps1'
[1.355s] INFO:colcon.colcon_core.shell:Creating prefix util module '/home/piotr/Desktop/AI_Lab/ROS/differential_drive_robot/ddr_ws/install/_local_setup_util_ps1.py'
[1.356s] INFO:colcon.colcon_core.shell:Creating prefix chain script '/home/piotr/Desktop/AI_Lab/ROS/differential_drive_robot/ddr_ws/install/setup.ps1'
[1.357s] INFO:colcon.colcon_core.shell:Creating prefix script '/home/piotr/Desktop/AI_Lab/ROS/differential_drive_robot/ddr_ws/install/local_setup.sh'
[1.358s] INFO:colcon.colcon_core.shell:Creating prefix util module '/home/piotr/Desktop/AI_Lab/ROS/differential_drive_robot/ddr_ws/install/_local_setup_util_sh.py'
[1.358s] INFO:colcon.colcon_core.shell:Creating prefix chain script '/home/piotr/Desktop/AI_Lab/ROS/differential_drive_robot/ddr_ws/install/setup.sh'
[1.359s] INFO:colcon.colcon_core.shell:Creating prefix script '/home/piotr/Desktop/AI_Lab/ROS/differential_drive_robot/ddr_ws/install/local_setup.bash'
[1.359s] INFO:colcon.colcon_core.shell:Creating prefix chain script '/home/piotr/Desktop/AI_Lab/ROS/differential_drive_robot/ddr_ws/install/setup.bash'
[1.361s] INFO:colcon.colcon_core.shell:Creating prefix script '/home/piotr/Desktop/AI_Lab/ROS/differential_drive_robot/ddr_ws/install/local_setup.zsh'
[1.361s] INFO:colcon.colcon_core.shell:Creating prefix chain script '/home/piotr/Desktop/AI_Lab/ROS/differential_drive_robot/ddr_ws/install/setup.zsh'
