[0.262s] DEBUG:colcon:Command line arguments: ['/usr/bin/colcon', 'list', '-p', '--base-paths', '/home/piotr/Desktop/AI_Lab/ROS/differential_drive_robot/ddr_ws']
[0.262s] DEBUG:colcon:Parsed command line arguments: Namespace(log_base=None, log_level=None, verb_name='list', build_base='build', ignore_user_meta=False, metas=['./colcon.meta'], base_paths=['/home/piotr/Desktop/AI_Lab/ROS/differential_drive_robot/ddr_ws'], packages_ignore=None, packages_ignore_regex=None, paths=None, packages_up_to=None, packages_up_to_regex=None, packages_above=None, packages_above_and_dependencies=None, packages_above_depth=None, packages_select_by_dep=None, packages_skip_by_dep=None, packages_skip_up_to=None, packages_select_build_failed=False, packages_skip_build_finished=False, packages_select_test_failures=False, packages_skip_test_passed=False, packages_select=None, packages_skip=None, packages_select_regex=None, packages_skip_regex=None, packages_start=None, packages_end=None, allow_overriding=[], topological_order=False, names_only=False, paths_only=True, topological_graph=False, topological_graph_dot=False, topological_graph_density=False, topological_graph_legend=False, topological_graph_dot_cluster=False, topological_graph_dot_include_skipped=False, verb_parser=<colcon_defaults.argument_parser.defaults.DefaultArgumentsDecorator object at 0x7f54b7de9a80>, verb_extension=<colcon_package_information.verb.list.ListVerb object at 0x7f54b83ef430>, main=<bound method ListVerb.main of <colcon_package_information.verb.list.ListVerb object at 0x7f54b83ef430>>)
[0.295s] Level 1:colcon.colcon_core.package_discovery:discover_packages(colcon_meta) check parameters
[0.295s] Level 1:colcon.colcon_core.package_discovery:discover_packages(recursive) check parameters
[0.295s] Level 1:colcon.colcon_core.package_discovery:discover_packages(ignore) check parameters
[0.295s] Level 1:colcon.colcon_core.package_discovery:discover_packages(path) check parameters
[0.295s] Level 1:colcon.colcon_core.package_discovery:discover_packages(recursive) discover
[0.295s] INFO:colcon.colcon_core.package_discovery:Crawling recursively for packages in '/home/piotr/Desktop/AI_Lab/ROS/differential_drive_robot/ddr_ws'
[0.295s] Level 1:colcon.colcon_core.package_identification:_identify(/home/piotr/Desktop/AI_Lab/ROS/differential_drive_robot/ddr_ws) by extensions ['ignore', 'ignore_ament_install']
[0.295s] Level 1:colcon.colcon_core.package_identification:_identify(/home/piotr/Desktop/AI_Lab/ROS/differential_drive_robot/ddr_ws) by extension 'ignore'
[0.295s] Level 1:colcon.colcon_core.package_identification:_identify(/home/piotr/Desktop/AI_Lab/ROS/differential_drive_robot/ddr_ws) by extension 'ignore_ament_install'
[0.295s] Level 1:colcon.colcon_core.package_identification:_identify(/home/piotr/Desktop/AI_Lab/ROS/differential_drive_robot/ddr_ws) by extensions ['colcon_pkg']
[0.295s] Level 1:colcon.colcon_core.package_identification:_identify(/home/piotr/Desktop/AI_Lab/ROS/differential_drive_robot/ddr_ws) by extension 'colcon_pkg'
[0.295s] Level 1:colcon.colcon_core.package_identification:_identify(/home/piotr/Desktop/AI_Lab/ROS/differential_drive_robot/ddr_ws) by extensions ['colcon_meta']
[0.295s] Level 1:colcon.colcon_core.package_identification:_identify(/home/piotr/Desktop/AI_Lab/ROS/differential_drive_robot/ddr_ws) by extension 'colcon_meta'
[0.295s] Level 1:colcon.colcon_core.package_identification:_identify(/home/piotr/Desktop/AI_Lab/ROS/differential_drive_robot/ddr_ws) by extensions ['ros']
[0.296s] Level 1:colcon.colcon_core.package_identification:_identify(/home/piotr/Desktop/AI_Lab/ROS/differential_drive_robot/ddr_ws) by extension 'ros'
[0.305s] Level 1:colcon.colcon_core.package_identification:_identify(/home/piotr/Desktop/AI_Lab/ROS/differential_drive_robot/ddr_ws) by extensions ['cmake', 'python']
[0.305s] Level 1:colcon.colcon_core.package_identification:_identify(/home/piotr/Desktop/AI_Lab/ROS/differential_drive_robot/ddr_ws) by extension 'cmake'
[0.305s] Level 1:colcon.colcon_core.package_identification:_identify(/home/piotr/Desktop/AI_Lab/ROS/differential_drive_robot/ddr_ws) by extension 'python'
[0.305s] Level 1:colcon.colcon_core.package_identification:_identify(/home/piotr/Desktop/AI_Lab/ROS/differential_drive_robot/ddr_ws) by extensions ['python_setup_py']
[0.305s] Level 1:colcon.colcon_core.package_identification:_identify(/home/piotr/Desktop/AI_Lab/ROS/differential_drive_robot/ddr_ws) by extension 'python_setup_py'
[0.305s] Level 1:colcon.colcon_core.package_identification:_identify(/home/piotr/Desktop/AI_Lab/ROS/differential_drive_robot/ddr_ws/build) by extensions ['ignore', 'ignore_ament_install']
[0.306s] Level 1:colcon.colcon_core.package_identification:_identify(/home/piotr/Desktop/AI_Lab/ROS/differential_drive_robot/ddr_ws/build) by extension 'ignore'
[0.306s] Level 1:colcon.colcon_core.package_identification:_identify(/home/piotr/Desktop/AI_Lab/ROS/differential_drive_robot/ddr_ws/build) ignored
[0.306s] Level 1:colcon.colcon_core.package_identification:_identify(/home/piotr/Desktop/AI_Lab/ROS/differential_drive_robot/ddr_ws/install) by extensions ['ignore', 'ignore_ament_install']
[0.306s] Level 1:colcon.colcon_core.package_identification:_identify(/home/piotr/Desktop/AI_Lab/ROS/differential_drive_robot/ddr_ws/install) by extension 'ignore'
[0.306s] Level 1:colcon.colcon_core.package_identification:_identify(/home/piotr/Desktop/AI_Lab/ROS/differential_drive_robot/ddr_ws/install) ignored
[0.306s] Level 1:colcon.colcon_core.package_identification:_identify(/home/piotr/Desktop/AI_Lab/ROS/differential_drive_robot/ddr_ws/log) by extensions ['ignore', 'ignore_ament_install']
[0.306s] Level 1:colcon.colcon_core.package_identification:_identify(/home/piotr/Desktop/AI_Lab/ROS/differential_drive_robot/ddr_ws/log) by extension 'ignore'
[0.306s] Level 1:colcon.colcon_core.package_identification:_identify(/home/piotr/Desktop/AI_Lab/ROS/differential_drive_robot/ddr_ws/log) ignored
[0.306s] Level 1:colcon.colcon_core.package_identification:_identify(/home/piotr/Desktop/AI_Lab/ROS/differential_drive_robot/ddr_ws/src) by extensions ['ignore', 'ignore_ament_install']
[0.306s] Level 1:colcon.colcon_core.package_identification:_identify(/home/piotr/Desktop/AI_Lab/ROS/differential_drive_robot/ddr_ws/src) by extension 'ignore'
[0.306s] Level 1:colcon.colcon_core.package_identification:_identify(/home/piotr/Desktop/AI_Lab/ROS/differential_drive_robot/ddr_ws/src) by extension 'ignore_ament_install'
[0.306s] Level 1:colcon.colcon_core.package_identification:_identify(/home/piotr/Desktop/AI_Lab/ROS/differential_drive_robot/ddr_ws/src) by extensions ['colcon_pkg']
[0.306s] Level 1:colcon.colcon_core.package_identification:_identify(/home/piotr/Desktop/AI_Lab/ROS/differential_drive_robot/ddr_ws/src) by extension 'colcon_pkg'
[0.306s] Level 1:colcon.colcon_core.package_identification:_identify(/home/piotr/Desktop/AI_Lab/ROS/differential_drive_robot/ddr_ws/src) by extensions ['colcon_meta']
[0.306s] Level 1:colcon.colcon_core.package_identification:_identify(/home/piotr/Desktop/AI_Lab/ROS/differential_drive_robot/ddr_ws/src) by extension 'colcon_meta'
[0.307s] Level 1:colcon.colcon_core.package_identification:_identify(/home/piotr/Desktop/AI_Lab/ROS/differential_drive_robot/ddr_ws/src) by extensions ['ros']
[0.307s] Level 1:colcon.colcon_core.package_identification:_identify(/home/piotr/Desktop/AI_Lab/ROS/differential_drive_robot/ddr_ws/src) by extension 'ros'
[0.307s] Level 1:colcon.colcon_core.package_identification:_identify(/home/piotr/Desktop/AI_Lab/ROS/differential_drive_robot/ddr_ws/src) by extensions ['cmake', 'python']
[0.307s] Level 1:colcon.colcon_core.package_identification:_identify(/home/piotr/Desktop/AI_Lab/ROS/differential_drive_robot/ddr_ws/src) by extension 'cmake'
[0.307s] Level 1:colcon.colcon_core.package_identification:_identify(/home/piotr/Desktop/AI_Lab/ROS/differential_drive_robot/ddr_ws/src) by extension 'python'
[0.307s] Level 1:colcon.colcon_core.package_identification:_identify(/home/piotr/Desktop/AI_Lab/ROS/differential_drive_robot/ddr_ws/src) by extensions ['python_setup_py']
[0.307s] Level 1:colcon.colcon_core.package_identification:_identify(/home/piotr/Desktop/AI_Lab/ROS/differential_drive_robot/ddr_ws/src) by extension 'python_setup_py'
[0.307s] Level 1:colcon.colcon_core.package_identification:_identify(/home/piotr/Desktop/AI_Lab/ROS/differential_drive_robot/ddr_ws/src/differential_drive_robot) by extensions ['ignore', 'ignore_ament_install']
[0.307s] Level 1:colcon.colcon_core.package_identification:_identify(/home/piotr/Desktop/AI_Lab/ROS/differential_drive_robot/ddr_ws/src/differential_drive_robot) by extension 'ignore'
[0.307s] Level 1:colcon.colcon_core.package_identification:_identify(/home/piotr/Desktop/AI_Lab/ROS/differential_drive_robot/ddr_ws/src/differential_drive_robot) by extension 'ignore_ament_install'
[0.307s] Level 1:colcon.colcon_core.package_identification:_identify(/home/piotr/Desktop/AI_Lab/ROS/differential_drive_robot/ddr_ws/src/differential_drive_robot) by extensions ['colcon_pkg']
[0.307s] Level 1:colcon.colcon_core.package_identification:_identify(/home/piotr/Desktop/AI_Lab/ROS/differential_drive_robot/ddr_ws/src/differential_drive_robot) by extension 'colcon_pkg'
[0.307s] Level 1:colcon.colcon_core.package_identification:_identify(/home/piotr/Desktop/AI_Lab/ROS/differential_drive_robot/ddr_ws/src/differential_drive_robot) by extensions ['colcon_meta']
[0.307s] Level 1:colcon.colcon_core.package_identification:_identify(/home/piotr/Desktop/AI_Lab/ROS/differential_drive_robot/ddr_ws/src/differential_drive_robot) by extension 'colcon_meta'
[0.307s] Level 1:colcon.colcon_core.package_identification:_identify(/home/piotr/Desktop/AI_Lab/ROS/differential_drive_robot/ddr_ws/src/differential_drive_robot) by extensions ['ros']
[0.307s] Level 1:colcon.colcon_core.package_identification:_identify(/home/piotr/Desktop/AI_Lab/ROS/differential_drive_robot/ddr_ws/src/differential_drive_robot) by extension 'ros'
[0.309s] DEBUG:colcon.colcon_core.package_identification:Package '/home/piotr/Desktop/AI_Lab/ROS/differential_drive_robot/ddr_ws/src/differential_drive_robot' with type 'ros.ament_python' and name 'differential_drive_robot'
[0.309s] Level 1:colcon.colcon_core.package_discovery:discover_packages(recursive) using defaults
